<?xml version="1.0" encoding="UTF-8"?>
<!-- Generated by org.testng.reporters.JUnitReportReporter -->
<testsuite hostname="ICPL12583" failures="0" tests="4" name="testpackage.TestClass3" time="0.018" errors="0" timestamp="2020-05-26T10:57:50 IST" skipped="0">
  <testcase classname="testpackage.TestClass3" name="m2" time="0.003"/>
  <testcase classname="testpackage.TestClass3" name="m3" time="0.006"/>
  <testcase classname="testpackage.TestClass3" name="m1" time="0.004"/>
  <testcase classname="testpackage.TestClass3" name="m4" time="0.005"/>
</testsuite> <!-- testpackage.TestClass3 -->
