<?xml version="1.0" encoding="UTF-8"?>
<!-- Generated by org.testng.reporters.JUnitReportReporter -->
<testsuite hostname="ICPL12583" failures="0" tests="4" name="org.local.test.TestClass2" time="0.018" errors="0" timestamp="2020-05-25T20:04:46 IST" skipped="0">
  <testcase classname="org.local.test.TestClass2" name="m2" time="0.007"/>
  <testcase classname="org.local.test.TestClass2" name="m3" time="0.003"/>
  <testcase classname="org.local.test.TestClass2" name="m1" time="0.004"/>
  <testcase classname="org.local.test.TestClass2" name="m4" time="0.004"/>
</testsuite> <!-- org.local.test.TestClass2 -->
