<?xml version="1.0" encoding="UTF-8"?>
<!-- Generated by org.testng.reporters.JUnitReportReporter -->
<testsuite hostname="ICPL12583" failures="0" tests="4" name="org.local.test.TestClass1" time="0.031" errors="0" timestamp="2020-05-26T12:17:55 IST" skipped="0">
  <testcase classname="org.local.test.TestClass1" name="m1" time="0.022"/>
  <testcase classname="org.local.test.TestClass1" name="m2" time="0.005"/>
  <testcase classname="org.local.test.TestClass1" name="m4" time="0.001"/>
  <testcase classname="org.local.test.TestClass1" name="m3" time="0.003"/>
</testsuite> <!-- org.local.test.TestClass1 -->
