<?xml version="1.0" encoding="UTF-8"?>
<!-- Generated by org.testng.reporters.JUnitReportReporter -->
<testsuite hostname="ICPL12583" failures="0" tests="1" name="org.guru99.testcases.SaveOrder" time="173.903" errors="0" timestamp="2020-05-28T13:04:36 IST" skipped="0">
  <testcase classname="org.guru99.testcases.SaveOrder" name="saveOrderAsPdf" time="173.903"/>
  <system-out/>
</testsuite> <!-- org.guru99.testcases.SaveOrder -->
