<?xml version="1.0" encoding="UTF-8"?>
<!-- Generated by org.testng.reporters.JUnitReportReporter -->
<testsuite hostname="ICPL12583" failures="0" tests="4" name="org.guru99.testcases.TestClass1" time="0.014" errors="0" timestamp="2020-05-28T16:21:58 IST" skipped="0">
  <testcase classname="org.guru99.testcases.TestClass1" name="m4" time="0.000"/>
  <testcase classname="org.guru99.testcases.TestClass1" name="m1" time="0.013"/>
  <testcase classname="org.guru99.testcases.TestClass1" name="m3" time="0.000"/>
  <testcase classname="org.guru99.testcases.TestClass1" name="m2" time="0.001"/>
</testsuite> <!-- org.guru99.testcases.TestClass1 -->
