<?xml version="1.0" encoding="UTF-8"?>
<!-- Generated by org.testng.reporters.JUnitReportReporter -->
<testsuite hostname="ICPL12583" failures="0" tests="1" name="org.guru99.testcases.SaveOrder" time="12.220" errors="0" timestamp="2020-05-28T16:21:58 IST" skipped="0">
  <testcase classname="org.guru99.testcases.SaveOrder" name="saveOrderAsPdf" time="12.220"/>
</testsuite> <!-- org.guru99.testcases.SaveOrder -->
