<?xml version="1.0" encoding="UTF-8"?>
<!-- Generated by org.testng.reporters.JUnitReportReporter -->
<testsuite hostname="ICPL12583" failures="0" tests="4" name="org.guru99.testcases.TestClass2" time="0.004" errors="0" timestamp="2020-05-28T16:21:58 IST" skipped="0">
  <testcase classname="org.guru99.testcases.TestClass2" name="m1" time="0.002"/>
  <testcase classname="org.guru99.testcases.TestClass2" name="m2" time="0.000"/>
  <testcase classname="org.guru99.testcases.TestClass2" name="m3" time="0.002"/>
  <testcase classname="org.guru99.testcases.TestClass2" name="m4" time="0.000"/>
</testsuite> <!-- org.guru99.testcases.TestClass2 -->
